[2021/May/12 21:58:46] 99986  404 - 190.524µs GET /me
[2021/May/12 21:59:04] 99986  200 - 79.005µs GET /api/me
[2021/May/12 22:00:44] 99986  404 - 86.19µs GET /api/v1/me
[2021/May/12 22:00:54] 394  200 - 320.756µs GET /api/v1/me
[2021/May/12 22:16:45] 1076  200 - 1.584113ms GET /api/v1/me
[2021/May/12 22:20:38] 1355  200 - 322.219µs GET /api/v1/me
[2021/May/12 22:23:33] 1584 -  200 - 217.365µs GET /api/v1/me
[2021/May/12 22:26:19] 1787  200 - 381.979µs GET /api/v1/me
[2021/May/12 22:26:21] 1787  200 - 39.094µs GET /api/v1/me
[2021/May/12 22:26:31] 1787  200 - 24.577µs GET /api/v1/me
[2021/May/12 22:26:32] 1787  200 - 31.656µs GET /api/v1/me
[2021/May/12 22:26:47] 1847  200 - 1.103011ms GET /api/v1/me
[2021/May/12 22:26:51] 1847  200 - 48.265µs GET /api/v1/me
[2021/May/12 22:26:52] 1847  200 - 343.579µs GET /api/v1/me
[2021/May/12 22:26:52] 1847  200 - 64.508µs GET /api/v1/me
[2021/May/12 22:26:52] 1847  200 - 39µs GET /api/v1/me
[2021/May/12 22:37:18] 1847  200 - 62.926µs HEAD /api/v1/me
[2021/May/12 22:37:34] 1847  200 - 30.577µs HEAD /api/v1/me
[2021/May/12 22:37:35] 1847  200 - 31.951µs HEAD /api/v1/me
[2021/May/12 22:42:10] 1847  200 - 56.873µs GET /api/v1/me
[2021/May/12 22:42:23] 1847  200 - 22.237µs GET /api/v1/me
[2021/May/12 22:51:22] 2853 6a9d0e03-8497-412e-940a-3c8a1e2b71e7 200 - 151.17µs GET /api/v1/me
[2021/May/12 23:12:41] 3052 |  - 192.168.100.11 | 7036a355-05a7-43b9-91cf-4de205b54b17 200 - 143.538µs GET /api/v1/me
[2021/May/12 23:14:08] 3150 | 192.168.100.11 | 43ac5c8f-e97a-4de9-a4b6-8cacddc3ada0 | 200 - 153.278µs | GET | /api/v1/me
[2021/May/12 23:15:13] 3194 | [91m 192.168.100.11 | 817ff6a6-de26-4567-9cca-d70578af18ae | 200 - 127.021µs | GET | /api/v1/me
